Determining if the Q_WS_WIN exist failed with the following output:
Change Dir: /mnt/disk_root_ori/home/xuying/proxim/6_pred_models/singapore/rmf/build/CMakeFiles/CMakeTmp

Run Build Command:/usr/bin/make "cmTryCompileExec1053781760/fast"
/usr/bin/make -f CMakeFiles/cmTryCompileExec1053781760.dir/build.make CMakeFiles/cmTryCompileExec1053781760.dir/build
make[1]: Entering directory `/mnt/disk_root_ori/home/xuying/proxim/6_pred_models/singapore/rmf/build/CMakeFiles/CMakeTmp'
/usr/bin/cmake -E cmake_progress_report /mnt/disk_root_ori/home/xuying/proxim/6_pred_models/singapore/rmf/build/CMakeFiles/CMakeTmp/CMakeFiles 1
Building CXX object CMakeFiles/cmTryCompileExec1053781760.dir/CheckSymbolExists.cxx.o
/usr/bin/c++    -Wnon-virtual-dtor -Wno-long-long -ansi -Wundef -Wcast-align -Wchar-subscripts -Wall -W -Wpointer-arith -Wwrite-strings -Wformat-security -fexceptions -fno-check-new -fno-common -fstrict-aliasing -Wno-variadic-macros -Wextra -pedantic  -g2  -I/usr/include/qt4    -o CMakeFiles/cmTryCompileExec1053781760.dir/CheckSymbolExists.cxx.o -c /mnt/disk_root_ori/home/xuying/proxim/6_pred_models/singapore/rmf/build/CMakeFiles/CMakeTmp/CheckSymbolExists.cxx
/mnt/disk_root_ori/home/xuying/proxim/6_pred_models/singapore/rmf/build/CMakeFiles/CMakeTmp/CheckSymbolExists.cxx: In function ‘int main(int, char**)’:
/mnt/disk_root_ori/home/xuying/proxim/6_pred_models/singapore/rmf/build/CMakeFiles/CMakeTmp/CheckSymbolExists.cxx:8:19: error: ‘Q_WS_WIN’ was not declared in this scope
   return ((int*)(&Q_WS_WIN))[argc];
                   ^
make[1]: *** [CMakeFiles/cmTryCompileExec1053781760.dir/CheckSymbolExists.cxx.o] Error 1
make[1]: Leaving directory `/mnt/disk_root_ori/home/xuying/proxim/6_pred_models/singapore/rmf/build/CMakeFiles/CMakeTmp'
make: *** [cmTryCompileExec1053781760/fast] Error 2

File /mnt/disk_root_ori/home/xuying/proxim/6_pred_models/singapore/rmf/build/CMakeFiles/CMakeTmp/CheckSymbolExists.cxx:
/* */
#include <QtCore/qglobal.h>

int main(int argc, char** argv)
{
  (void)argv;
#ifndef Q_WS_WIN
  return ((int*)(&Q_WS_WIN))[argc];
#else
  (void)argc;
  return 0;
#endif
}

Determining if the Q_WS_QWS exist failed with the following output:
Change Dir: /mnt/disk_root_ori/home/xuying/proxim/6_pred_models/singapore/rmf/build/CMakeFiles/CMakeTmp

Run Build Command:/usr/bin/make "cmTryCompileExec4021777535/fast"
/usr/bin/make -f CMakeFiles/cmTryCompileExec4021777535.dir/build.make CMakeFiles/cmTryCompileExec4021777535.dir/build
make[1]: Entering directory `/mnt/disk_root_ori/home/xuying/proxim/6_pred_models/singapore/rmf/build/CMakeFiles/CMakeTmp'
/usr/bin/cmake -E cmake_progress_report /mnt/disk_root_ori/home/xuying/proxim/6_pred_models/singapore/rmf/build/CMakeFiles/CMakeTmp/CMakeFiles 1
Building CXX object CMakeFiles/cmTryCompileExec4021777535.dir/CheckSymbolExists.cxx.o
/usr/bin/c++    -Wnon-virtual-dtor -Wno-long-long -ansi -Wundef -Wcast-align -Wchar-subscripts -Wall -W -Wpointer-arith -Wwrite-strings -Wformat-security -fexceptions -fno-check-new -fno-common -fstrict-aliasing -Wno-variadic-macros -Wextra -pedantic  -g2  -I/usr/include/qt4    -o CMakeFiles/cmTryCompileExec4021777535.dir/CheckSymbolExists.cxx.o -c /mnt/disk_root_ori/home/xuying/proxim/6_pred_models/singapore/rmf/build/CMakeFiles/CMakeTmp/CheckSymbolExists.cxx
/mnt/disk_root_ori/home/xuying/proxim/6_pred_models/singapore/rmf/build/CMakeFiles/CMakeTmp/CheckSymbolExists.cxx: In function ‘int main(int, char**)’:
/mnt/disk_root_ori/home/xuying/proxim/6_pred_models/singapore/rmf/build/CMakeFiles/CMakeTmp/CheckSymbolExists.cxx:8:19: error: ‘Q_WS_QWS’ was not declared in this scope
   return ((int*)(&Q_WS_QWS))[argc];
                   ^
make[1]: *** [CMakeFiles/cmTryCompileExec4021777535.dir/CheckSymbolExists.cxx.o] Error 1
make[1]: Leaving directory `/mnt/disk_root_ori/home/xuying/proxim/6_pred_models/singapore/rmf/build/CMakeFiles/CMakeTmp'
make: *** [cmTryCompileExec4021777535/fast] Error 2

File /mnt/disk_root_ori/home/xuying/proxim/6_pred_models/singapore/rmf/build/CMakeFiles/CMakeTmp/CheckSymbolExists.cxx:
/* */
#include <QtCore/qglobal.h>

int main(int argc, char** argv)
{
  (void)argv;
#ifndef Q_WS_QWS
  return ((int*)(&Q_WS_QWS))[argc];
#else
  (void)argc;
  return 0;
#endif
}

Determining if the Q_WS_MAC exist failed with the following output:
Change Dir: /mnt/disk_root_ori/home/xuying/proxim/6_pred_models/singapore/rmf/build/CMakeFiles/CMakeTmp

Run Build Command:/usr/bin/make "cmTryCompileExec4284758648/fast"
/usr/bin/make -f CMakeFiles/cmTryCompileExec4284758648.dir/build.make CMakeFiles/cmTryCompileExec4284758648.dir/build
make[1]: Entering directory `/mnt/disk_root_ori/home/xuying/proxim/6_pred_models/singapore/rmf/build/CMakeFiles/CMakeTmp'
/usr/bin/cmake -E cmake_progress_report /mnt/disk_root_ori/home/xuying/proxim/6_pred_models/singapore/rmf/build/CMakeFiles/CMakeTmp/CMakeFiles 1
Building CXX object CMakeFiles/cmTryCompileExec4284758648.dir/CheckSymbolExists.cxx.o
/usr/bin/c++    -Wnon-virtual-dtor -Wno-long-long -ansi -Wundef -Wcast-align -Wchar-subscripts -Wall -W -Wpointer-arith -Wwrite-strings -Wformat-security -fexceptions -fno-check-new -fno-common -fstrict-aliasing -Wno-variadic-macros -Wextra -pedantic  -g2  -I/usr/include/qt4    -o CMakeFiles/cmTryCompileExec4284758648.dir/CheckSymbolExists.cxx.o -c /mnt/disk_root_ori/home/xuying/proxim/6_pred_models/singapore/rmf/build/CMakeFiles/CMakeTmp/CheckSymbolExists.cxx
/mnt/disk_root_ori/home/xuying/proxim/6_pred_models/singapore/rmf/build/CMakeFiles/CMakeTmp/CheckSymbolExists.cxx: In function ‘int main(int, char**)’:
/mnt/disk_root_ori/home/xuying/proxim/6_pred_models/singapore/rmf/build/CMakeFiles/CMakeTmp/CheckSymbolExists.cxx:8:19: error: ‘Q_WS_MAC’ was not declared in this scope
   return ((int*)(&Q_WS_MAC))[argc];
                   ^
make[1]: *** [CMakeFiles/cmTryCompileExec4284758648.dir/CheckSymbolExists.cxx.o] Error 1
make[1]: Leaving directory `/mnt/disk_root_ori/home/xuying/proxim/6_pred_models/singapore/rmf/build/CMakeFiles/CMakeTmp'
make: *** [cmTryCompileExec4284758648/fast] Error 2

File /mnt/disk_root_ori/home/xuying/proxim/6_pred_models/singapore/rmf/build/CMakeFiles/CMakeTmp/CheckSymbolExists.cxx:
/* */
#include <QtCore/qglobal.h>

int main(int argc, char** argv)
{
  (void)argv;
#ifndef Q_WS_MAC
  return ((int*)(&Q_WS_MAC))[argc];
#else
  (void)argc;
  return 0;
#endif
}

